<?xml version="1.0" encoding="UTF-8"?>
<!-- Generated by org.testng.reporters.JUnitReportReporter -->
<testsuite hostname="INBANGNBDELL35" failures="0" tests="1" name="pages.pages1" time="91.212" errors="0" timestamp="2021-07-16T16:13:46 IST" skipped="0">
  <testcase classname="pages.pages1" name="test1" time="91.212"/>
  <system-out/>
</testsuite> <!-- pages.pages1 -->
