<?xml version="1.0" encoding="UTF-8"?>
<!-- Generated by org.testng.reporters.JUnitReportReporter -->
<testsuite hostname="INBANGNBDELL35" failures="0" tests="1" name="scenarios.LoginPageTest" time="9.846" errors="0" timestamp="2021-07-16T17:17:06 IST" skipped="0">
  <testcase classname="scenarios.LoginPageTest" name="loginTest" time="9.846"/>
  <system-out/>
</testsuite> <!-- scenarios.LoginPageTest -->
