<?xml version="1.0" encoding="UTF-8"?>
<!-- Generated by org.testng.reporters.JUnitReportReporter -->
<testsuite hostname="INBANGNBDELL35" failures="0" tests="4" name="firsttry.InsuranceTests" time="11.489" errors="0" timestamp="2021-07-16T17:17:06 IST" skipped="3">
  <testcase classname="firsttry.InsuranceTests" name="invalidLogin" time="11.489"/>
  <system-out/>
  <testcase classname="firsttry.InsuranceTests" name="requestQuoteTest">
    <skipped/>
  </testcase> <!-- requestQuoteTest -->
  <system-out/>
  <testcase classname="firsttry.InsuranceTests" name="loginTest">
    <skipped/>
  </testcase> <!-- loginTest -->
  <system-out/>
  <testcase classname="firsttry.InsuranceTests" name="loginAndlogout">
    <skipped/>
  </testcase> <!-- loginAndlogout -->
  <system-out/>
</testsuite> <!-- firsttry.InsuranceTests -->
